mode: set
e-complaint-api/usecases/complaint_process/complaint_process.go:14.174,19.2 1 1
e-complaint-api/usecases/complaint_process/complaint_process.go:21.122,22.69 1 1
e-complaint-api/usecases/complaint_process/complaint_process.go:22.69,24.3 1 1
e-complaint-api/usecases/complaint_process/complaint_process.go:26.2,26.209 1 1
e-complaint-api/usecases/complaint_process/complaint_process.go:26.209,28.3 1 1
e-complaint-api/usecases/complaint_process/complaint_process.go:30.2,31.16 2 1
e-complaint-api/usecases/complaint_process/complaint_process.go:31.16,33.3 1 1
e-complaint-api/usecases/complaint_process/complaint_process.go:35.2,35.42 1 1
e-complaint-api/usecases/complaint_process/complaint_process.go:35.42,36.30 1 1
e-complaint-api/usecases/complaint_process/complaint_process.go:36.30,38.4 1 1
e-complaint-api/usecases/complaint_process/complaint_process.go:38.9,38.50 1 1
e-complaint-api/usecases/complaint_process/complaint_process.go:38.50,40.4 1 0
e-complaint-api/usecases/complaint_process/complaint_process.go:41.8,41.52 1 1
e-complaint-api/usecases/complaint_process/complaint_process.go:41.52,42.29 1 1
e-complaint-api/usecases/complaint_process/complaint_process.go:42.29,44.4 1 1
e-complaint-api/usecases/complaint_process/complaint_process.go:44.9,44.33 1 1
e-complaint-api/usecases/complaint_process/complaint_process.go:44.33,46.4 1 1
e-complaint-api/usecases/complaint_process/complaint_process.go:46.9,46.33 1 1
e-complaint-api/usecases/complaint_process/complaint_process.go:46.33,48.4 1 1
e-complaint-api/usecases/complaint_process/complaint_process.go:48.9,48.37 1 1
e-complaint-api/usecases/complaint_process/complaint_process.go:48.37,50.4 1 1
e-complaint-api/usecases/complaint_process/complaint_process.go:51.8,51.53 1 1
e-complaint-api/usecases/complaint_process/complaint_process.go:51.53,52.30 1 1
e-complaint-api/usecases/complaint_process/complaint_process.go:52.30,54.4 1 1
e-complaint-api/usecases/complaint_process/complaint_process.go:54.9,54.33 1 1
e-complaint-api/usecases/complaint_process/complaint_process.go:54.33,56.4 1 1
e-complaint-api/usecases/complaint_process/complaint_process.go:56.9,56.33 1 1
e-complaint-api/usecases/complaint_process/complaint_process.go:56.33,58.4 1 1
e-complaint-api/usecases/complaint_process/complaint_process.go:58.9,58.33 1 1
e-complaint-api/usecases/complaint_process/complaint_process.go:58.33,60.4 1 1
e-complaint-api/usecases/complaint_process/complaint_process.go:61.8,61.49 1 1
e-complaint-api/usecases/complaint_process/complaint_process.go:61.49,62.26 1 1
e-complaint-api/usecases/complaint_process/complaint_process.go:62.26,64.4 1 1
e-complaint-api/usecases/complaint_process/complaint_process.go:64.9,64.33 1 1
e-complaint-api/usecases/complaint_process/complaint_process.go:64.33,66.4 1 1
e-complaint-api/usecases/complaint_process/complaint_process.go:66.9,66.33 1 1
e-complaint-api/usecases/complaint_process/complaint_process.go:66.33,68.4 1 1
e-complaint-api/usecases/complaint_process/complaint_process.go:68.9,68.36 1 1
e-complaint-api/usecases/complaint_process/complaint_process.go:68.36,70.4 1 1
e-complaint-api/usecases/complaint_process/complaint_process.go:71.8,71.49 1 1
e-complaint-api/usecases/complaint_process/complaint_process.go:71.49,72.26 1 1
e-complaint-api/usecases/complaint_process/complaint_process.go:72.26,74.4 1 1
e-complaint-api/usecases/complaint_process/complaint_process.go:74.9,74.33 1 1
e-complaint-api/usecases/complaint_process/complaint_process.go:74.33,76.4 1 1
e-complaint-api/usecases/complaint_process/complaint_process.go:76.9,76.36 1 1
e-complaint-api/usecases/complaint_process/complaint_process.go:76.36,78.4 1 1
e-complaint-api/usecases/complaint_process/complaint_process.go:78.9,78.37 1 1
e-complaint-api/usecases/complaint_process/complaint_process.go:78.37,80.4 1 1
e-complaint-api/usecases/complaint_process/complaint_process.go:83.2,84.16 2 1
e-complaint-api/usecases/complaint_process/complaint_process.go:84.16,85.70 1 1
e-complaint-api/usecases/complaint_process/complaint_process.go:85.70,87.4 1 1
e-complaint-api/usecases/complaint_process/complaint_process.go:87.9,89.4 1 1
e-complaint-api/usecases/complaint_process/complaint_process.go:92.2,92.31 1 1
e-complaint-api/usecases/complaint_process/complaint_process.go:95.109,97.16 2 1
e-complaint-api/usecases/complaint_process/complaint_process.go:97.16,99.3 1 1
e-complaint-api/usecases/complaint_process/complaint_process.go:101.2,101.32 1 1
e-complaint-api/usecases/complaint_process/complaint_process.go:104.122,105.36 1 1
e-complaint-api/usecases/complaint_process/complaint_process.go:105.36,107.3 1 1
e-complaint-api/usecases/complaint_process/complaint_process.go:109.2,110.16 2 1
e-complaint-api/usecases/complaint_process/complaint_process.go:110.16,112.3 1 1
e-complaint-api/usecases/complaint_process/complaint_process.go:114.2,114.31 1 1
e-complaint-api/usecases/complaint_process/complaint_process.go:117.102,118.50 1 1
e-complaint-api/usecases/complaint_process/complaint_process.go:118.50,120.3 1 1
e-complaint-api/usecases/complaint_process/complaint_process.go:122.2,123.16 2 1
e-complaint-api/usecases/complaint_process/complaint_process.go:123.16,125.3 1 1
e-complaint-api/usecases/complaint_process/complaint_process.go:127.2,127.28 1 1
e-complaint-api/usecases/complaint_process/complaint_process.go:127.28,129.3 1 1
e-complaint-api/usecases/complaint_process/complaint_process.go:129.8,129.36 1 1
e-complaint-api/usecases/complaint_process/complaint_process.go:129.36,131.3 1 1
e-complaint-api/usecases/complaint_process/complaint_process.go:131.8,131.32 1 1
e-complaint-api/usecases/complaint_process/complaint_process.go:131.32,133.3 1 1
e-complaint-api/usecases/complaint_process/complaint_process.go:133.8,133.32 1 1
e-complaint-api/usecases/complaint_process/complaint_process.go:133.32,135.3 1 1
e-complaint-api/usecases/complaint_process/complaint_process.go:137.2,137.20 1 1
